<?xml version="1.0" encoding="UTF-8"?>
<!-- Generated by org.testng.reporters.JUnitReportReporter -->
<testsuite hostname="DESKTOP-C1NL13N" failures="0" tests="1" name="testScripts.AddCourseList" time="11.746" errors="0" timestamp="2024-02-03T00:52:15 IST" skipped="0">
  <testcase classname="testScripts.AddCourseList" name="addCourseTest" time="11.746"/>
  <system-out/>
</testsuite> <!-- testScripts.AddCourseList -->
