<?xml version="1.0" encoding="UTF-8"?>
<!-- Generated by org.testng.reporters.JUnitReportReporter -->
<testsuite hostname="DESKTOP-C1NL13N" failures="0" tests="1" name="testScripts.AddCourseList" time="38.353" errors="0" timestamp="2024-02-03T19:34:20 IST" skipped="0">
  <testcase classname="testScripts.AddCourseList" name="addCourseTest" time="38.353"/>
  <system-out/>
</testsuite> <!-- testScripts.AddCourseList -->
